C:\Program Files (x86)\Microsoft Visual Studio\2017\Enterprise\Common7\IDE\VC\VCTargets\Microsoft.CppBuild.targets(377,5): warning MSB8004: Output Directory does not end with a trailing slash.  This build instance will add the slash as it is required to allow proper evaluation of the Output Directory.
  Quadris.cpp
LINK : warning LNK4098: defaultlib 'MSVCRTD' conflita com uso de outras bibliotecas; use /NODEFAULTLIB:library
  Gerando código
  2 of 1375 functions ( 0.1%) were compiled, the rest were copied from previous compilation.
    0 functions were new in current compilation
    1 functions had inline decision re-evaluated but remain unchanged
  Finalizada a geração de código
glfw3.lib(context.obj) : warning LNK4099: PDB 'glfw.pdb' não foi encontrado 'glfw3.lib(context.obj)' ou no 'C:\Users\Pichau\Documents\Computacao Grafica\Projeto Quadris\Quadris\Quadris\glfw.pdb'; vinculando objeto quando quando sem nenhuma informação de depuração
glfw3.lib(init.obj) : warning LNK4099: PDB 'glfw.pdb' não foi encontrado 'glfw3.lib(init.obj)' ou no 'C:\Users\Pichau\Documents\Computacao Grafica\Projeto Quadris\Quadris\Quadris\glfw.pdb'; vinculando objeto quando quando sem nenhuma informação de depuração
glfw3.lib(input.obj) : warning LNK4099: PDB 'glfw.pdb' não foi encontrado 'glfw3.lib(input.obj)' ou no 'C:\Users\Pichau\Documents\Computacao Grafica\Projeto Quadris\Quadris\Quadris\glfw.pdb'; vinculando objeto quando quando sem nenhuma informação de depuração
glfw3.lib(monitor.obj) : warning LNK4099: PDB 'glfw.pdb' não foi encontrado 'glfw3.lib(monitor.obj)' ou no 'C:\Users\Pichau\Documents\Computacao Grafica\Projeto Quadris\Quadris\Quadris\glfw.pdb'; vinculando objeto quando quando sem nenhuma informação de depuração
glfw3.lib(vulkan.obj) : warning LNK4099: PDB 'glfw.pdb' não foi encontrado 'glfw3.lib(vulkan.obj)' ou no 'C:\Users\Pichau\Documents\Computacao Grafica\Projeto Quadris\Quadris\Quadris\glfw.pdb'; vinculando objeto quando quando sem nenhuma informação de depuração
glfw3.lib(window.obj) : warning LNK4099: PDB 'glfw.pdb' não foi encontrado 'glfw3.lib(window.obj)' ou no 'C:\Users\Pichau\Documents\Computacao Grafica\Projeto Quadris\Quadris\Quadris\glfw.pdb'; vinculando objeto quando quando sem nenhuma informação de depuração
glfw3.lib(win32_init.obj) : warning LNK4099: PDB 'glfw.pdb' não foi encontrado 'glfw3.lib(win32_init.obj)' ou no 'C:\Users\Pichau\Documents\Computacao Grafica\Projeto Quadris\Quadris\Quadris\glfw.pdb'; vinculando objeto quando quando sem nenhuma informação de depuração
glfw3.lib(win32_joystick.obj) : warning LNK4099: PDB 'glfw.pdb' não foi encontrado 'glfw3.lib(win32_joystick.obj)' ou no 'C:\Users\Pichau\Documents\Computacao Grafica\Projeto Quadris\Quadris\Quadris\glfw.pdb'; vinculando objeto quando quando sem nenhuma informação de depuração
glfw3.lib(win32_monitor.obj) : warning LNK4099: PDB 'glfw.pdb' não foi encontrado 'glfw3.lib(win32_monitor.obj)' ou no 'C:\Users\Pichau\Documents\Computacao Grafica\Projeto Quadris\Quadris\Quadris\glfw.pdb'; vinculando objeto quando quando sem nenhuma informação de depuração
glfw3.lib(win32_time.obj) : warning LNK4099: PDB 'glfw.pdb' não foi encontrado 'glfw3.lib(win32_time.obj)' ou no 'C:\Users\Pichau\Documents\Computacao Grafica\Projeto Quadris\Quadris\Quadris\glfw.pdb'; vinculando objeto quando quando sem nenhuma informação de depuração
glfw3.lib(win32_thread.obj) : warning LNK4099: PDB 'glfw.pdb' não foi encontrado 'glfw3.lib(win32_thread.obj)' ou no 'C:\Users\Pichau\Documents\Computacao Grafica\Projeto Quadris\Quadris\Quadris\glfw.pdb'; vinculando objeto quando quando sem nenhuma informação de depuração
glfw3.lib(win32_window.obj) : warning LNK4099: PDB 'glfw.pdb' não foi encontrado 'glfw3.lib(win32_window.obj)' ou no 'C:\Users\Pichau\Documents\Computacao Grafica\Projeto Quadris\Quadris\Quadris\glfw.pdb'; vinculando objeto quando quando sem nenhuma informação de depuração
glfw3.lib(wgl_context.obj) : warning LNK4099: PDB 'glfw.pdb' não foi encontrado 'glfw3.lib(wgl_context.obj)' ou no 'C:\Users\Pichau\Documents\Computacao Grafica\Projeto Quadris\Quadris\Quadris\glfw.pdb'; vinculando objeto quando quando sem nenhuma informação de depuração
glfw3.lib(egl_context.obj) : warning LNK4099: PDB 'glfw.pdb' não foi encontrado 'glfw3.lib(egl_context.obj)' ou no 'C:\Users\Pichau\Documents\Computacao Grafica\Projeto Quadris\Quadris\Quadris\glfw.pdb'; vinculando objeto quando quando sem nenhuma informação de depuração
glfw3.lib(osmesa_context.obj) : warning LNK4099: PDB 'glfw.pdb' não foi encontrado 'glfw3.lib(osmesa_context.obj)' ou no 'C:\Users\Pichau\Documents\Computacao Grafica\Projeto Quadris\Quadris\Quadris\glfw.pdb'; vinculando objeto quando quando sem nenhuma informação de depuração
  Quadris.vcxproj -> C:\Users\Pichau\Documents\Computacao Grafica\Projeto Quadris\Quadris\Quadris\.\Quadris.exe
